/Users/yazeedshamsudeen/Projects/SchemaExtractor/rag_api_server.py:576: DeprecationWarning: 
        on_event is deprecated, use lifespan event handlers instead.

        Read more about it in the
        [FastAPI docs for Lifespan Events](https://fastapi.tiangolo.com/advanced/events/).
        
  @app.on_event("shutdown")
INFO:     Started server process [15182]
INFO:     Waiting for application startup.
INFO:     Application startup complete.
INFO:     Uvicorn running on http://0.0.0.0:8000 (Press CTRL+C to quit)
  ✓ Index loaded with 34 vectors
INFO:     127.0.0.1:59949 - "GET /health HTTP/1.1" 200 OK
INFO:     127.0.0.1:60273 - "POST /build-graph HTTP/1.1" 200 OK
Starting graph build pipeline...
1. Extracting schema...
INFO:     127.0.0.1:60276 - "GET /health HTTP/1.1" 200 OK
✓ Schema extracted successfully
2. Generating ontology...
INFO:     127.0.0.1:60289 - "OPTIONS /chat HTTP/1.1" 200 OK
WARNING: All log messages before absl::InitializeLog() is called are written to STDERR
E0000 00:00:1760609367.570810 6130510 alts_credentials.cc:93] ALTS creds ignored. Not running on GCP and untrusted ALTS is not enabled.
E0000 00:00:1760609367.625848 6130510 alts_credentials.cc:93] ALTS creds ignored. Not running on GCP and untrusted ALTS is not enabled.
INFO:     127.0.0.1:60289 - "POST /chat HTTP/1.1" 200 OK
E0000 00:00:1760609411.561332 6130510 alts_credentials.cc:93] ALTS creds ignored. Not running on GCP and untrusted ALTS is not enabled.
E0000 00:00:1760609411.617909 6130510 alts_credentials.cc:93] ALTS creds ignored. Not running on GCP and untrusted ALTS is not enabled.
I0000 00:00:1760609415.538513 6131287 fork_posix.cc:71] Other threads are currently calling into gRPC, skipping fork() handlers
Received notification from DBMS server: <GqlStatusObject gql_status='01N51', status_description='warn: relationship type does not exist. The relationship type `PLACES` does not exist in database `neo4j`. Verify that the spelling is correct.', position=<SummaryInputPosition line=1, column=36, offset=35>, raw_classification='UNRECOGNIZED', classification=<NotificationClassification.UNRECOGNIZED: 'UNRECOGNIZED'>, raw_severity='WARNING', severity=<NotificationSeverity.WARNING: 'WARNING'>, diagnostic_record={'_classification': 'UNRECOGNIZED', '_severity': 'WARNING', '_position': {'offset': 35, 'line': 1, 'column': 36}, 'OPERATION': '', 'OPERATION_CODE': '0', 'CURRENT_SCHEMA': '/'}> for query: 'MATCH (c:Customer) WHERE NOT (c)-[:PLACES]->(:Order) RETURN count(c) AS customersWithoutOrders LIMIT 10'
✓ Ontology generated successfully
3. Building Neo4j graph...
✓ Neo4j graph created successfully
4. Building vector index...
INFO:     127.0.0.1:60323 - "POST /chat HTTP/1.1" 200 OK
I0000 00:00:1760609421.904256 6131287 fork_posix.cc:71] Other threads are currently calling into gRPC, skipping fork() handlers

🔍 Building FAISS index from Neo4j...
  Found node types: Category, Customer, OrderItem, Order, Product, ProductHierarchyItem, ProductHierarchy
  Processing Category nodes...
  Processing Customer nodes...
  Processing OrderItem nodes...
  Processing Order nodes...
  Processing Product nodes...
  Processing ProductHierarchyItem nodes...
  Processing ProductHierarchy nodes...
  Total nodes: 34
  Generating embeddings...
Batches:   0%|          | 0/2 [00:00<?, ?it/s]Batches:  50%|█████     | 1/2 [00:00<00:00,  3.39it/s]Batches: 100%|██████████| 2/2 [00:00<00:00,  5.87it/s]
E0000 00:00:1760609447.086800 6130510 alts_credentials.cc:93] ALTS creds ignored. Not running on GCP and untrusted ALTS is not enabled.
E0000 00:00:1760609447.139289 6130510 alts_credentials.cc:93] ALTS creds ignored. Not running on GCP and untrusted ALTS is not enabled.
  Building FAISS index...
  ✓ FAISS index built with 34 vectors
  ✓ Index saved to faiss_index.bin
  ✓ Metadata saved to index_metadata.pkl
✓ Vector index built successfully
==================================================
✓ GRAPH BUILD PIPELINE COMPLETED SUCCESSFULLY!
==================================================
INFO:     127.0.0.1:60334 - "POST /chat HTTP/1.1" 200 OK
